<?xml version="1.0" encoding="UTF-8"?>
<testng-results skipped="0" failed="0" ignored="0" total="1" passed="1">
  <reporter-output>
  </reporter-output>
  <suite name="Default suite" duration-ms="19288" started-at="2018-07-11T02:01:51Z" finished-at="2018-07-11T02:02:10Z">
    <groups>
    </groups>
    <test name="Default test" duration-ms="19288" started-at="2018-07-11T02:01:51Z" finished-at="2018-07-11T02:02:10Z">
      <class name="pomdesign.LogInTest">
        <test-method status="PASS" signature="setUp()[pri:0, instance:pomdesign.LogInTest@7d9d1a19]" name="setUp" is-config="true" duration-ms="9197" started-at="2018-07-11T02:01:51Z" finished-at="2018-07-11T02:02:00Z">
          <reporter-output>
          </reporter-output>
        </test-method> <!-- setUp -->
        <test-method status="PASS" signature="loginTest()[pri:0, instance:pomdesign.LogInTest@7d9d1a19]" name="loginTest" duration-ms="10032" started-at="2018-07-11T02:02:00Z" finished-at="2018-07-11T02:02:10Z">
          <reporter-output>
          </reporter-output>
        </test-method> <!-- loginTest -->
      </class> <!-- pomdesign.LogInTest -->
    </test> <!-- Default test -->
  </suite> <!-- Default suite -->
</testng-results>
